CRITICAL - 2022-11-16 11:39:04 --> Class "App\Controllers\RecordModel" not found
in APPPATH\Controllers\Record.php on line 11.
 1 SYSTEMPATH\CodeIgniter.php(927): App\Controllers\Record->index()
 2 SYSTEMPATH\CodeIgniter.php(482): CodeIgniter\CodeIgniter->runController(Object(App\Controllers\Record))
 3 SYSTEMPATH\CodeIgniter.php(351): CodeIgniter\CodeIgniter->handleRequest(null, Object(Config\Cache), false)
 4 FCPATH\index.php(67): CodeIgniter\CodeIgniter->run()
CRITICAL - 2022-11-16 11:39:30 --> Class "App\Controllers\RecordModel" not found
in APPPATH\Controllers\Record.php on line 11.
 1 SYSTEMPATH\CodeIgniter.php(927): App\Controllers\Record->index()
 2 SYSTEMPATH\CodeIgniter.php(482): CodeIgniter\CodeIgniter->runController(Object(App\Controllers\Record))
 3 SYSTEMPATH\CodeIgniter.php(351): CodeIgniter\CodeIgniter->handleRequest(null, Object(Config\Cache), false)
 4 FCPATH\index.php(67): CodeIgniter\CodeIgniter->run()
CRITICAL - 2022-11-16 11:41:05 --> Class "App\Controllers\RecordModel" not found
in APPPATH\Controllers\Record.php on line 11.
 1 SYSTEMPATH\CodeIgniter.php(927): App\Controllers\Record->index()
 2 SYSTEMPATH\CodeIgniter.php(482): CodeIgniter\CodeIgniter->runController(Object(App\Controllers\Record))
 3 SYSTEMPATH\CodeIgniter.php(351): CodeIgniter\CodeIgniter->handleRequest(null, Object(Config\Cache), false)
 4 FCPATH\index.php(67): CodeIgniter\CodeIgniter->run()
CRITICAL - 2022-11-16 11:41:07 --> Class "App\Controllers\RecordModel" not found
in APPPATH\Controllers\Record.php on line 11.
 1 SYSTEMPATH\CodeIgniter.php(927): App\Controllers\Record->index()
 2 SYSTEMPATH\CodeIgniter.php(482): CodeIgniter\CodeIgniter->runController(Object(App\Controllers\Record))
 3 SYSTEMPATH\CodeIgniter.php(351): CodeIgniter\CodeIgniter->handleRequest(null, Object(Config\Cache), false)
 4 FCPATH\index.php(67): CodeIgniter\CodeIgniter->run()
CRITICAL - 2022-11-16 11:41:07 --> Class "App\Controllers\RecordModel" not found
in APPPATH\Controllers\Record.php on line 11.
 1 SYSTEMPATH\CodeIgniter.php(927): App\Controllers\Record->index()
 2 SYSTEMPATH\CodeIgniter.php(482): CodeIgniter\CodeIgniter->runController(Object(App\Controllers\Record))
 3 SYSTEMPATH\CodeIgniter.php(351): CodeIgniter\CodeIgniter->handleRequest(null, Object(Config\Cache), false)
 4 FCPATH\index.php(67): CodeIgniter\CodeIgniter->run()
CRITICAL - 2022-11-16 11:41:08 --> Class "App\Controllers\RecordModel" not found
in APPPATH\Controllers\Record.php on line 11.
 1 SYSTEMPATH\CodeIgniter.php(927): App\Controllers\Record->index()
 2 SYSTEMPATH\CodeIgniter.php(482): CodeIgniter\CodeIgniter->runController(Object(App\Controllers\Record))
 3 SYSTEMPATH\CodeIgniter.php(351): CodeIgniter\CodeIgniter->handleRequest(null, Object(Config\Cache), false)
 4 FCPATH\index.php(67): CodeIgniter\CodeIgniter->run()
CRITICAL - 2022-11-16 11:41:08 --> Class "App\Controllers\RecordModel" not found
in APPPATH\Controllers\Record.php on line 11.
 1 SYSTEMPATH\CodeIgniter.php(927): App\Controllers\Record->index()
 2 SYSTEMPATH\CodeIgniter.php(482): CodeIgniter\CodeIgniter->runController(Object(App\Controllers\Record))
 3 SYSTEMPATH\CodeIgniter.php(351): CodeIgniter\CodeIgniter->handleRequest(null, Object(Config\Cache), false)
 4 FCPATH\index.php(67): CodeIgniter\CodeIgniter->run()
CRITICAL - 2022-11-16 11:41:08 --> Class "App\Controllers\RecordModel" not found
in APPPATH\Controllers\Record.php on line 11.
 1 SYSTEMPATH\CodeIgniter.php(927): App\Controllers\Record->index()
 2 SYSTEMPATH\CodeIgniter.php(482): CodeIgniter\CodeIgniter->runController(Object(App\Controllers\Record))
 3 SYSTEMPATH\CodeIgniter.php(351): CodeIgniter\CodeIgniter->handleRequest(null, Object(Config\Cache), false)
 4 FCPATH\index.php(67): CodeIgniter\CodeIgniter->run()
CRITICAL - 2022-11-16 11:41:10 --> Class "App\Controllers\RecordModel" not found
in APPPATH\Controllers\Record.php on line 11.
 1 SYSTEMPATH\CodeIgniter.php(927): App\Controllers\Record->index()
 2 SYSTEMPATH\CodeIgniter.php(482): CodeIgniter\CodeIgniter->runController(Object(App\Controllers\Record))
 3 SYSTEMPATH\CodeIgniter.php(351): CodeIgniter\CodeIgniter->handleRequest(null, Object(Config\Cache), false)
 4 FCPATH\index.php(67): CodeIgniter\CodeIgniter->run()
CRITICAL - 2022-11-16 11:41:19 --> Class "App\Controllers\RecordModel" not found
in APPPATH\Controllers\Record.php on line 11.
 1 SYSTEMPATH\CodeIgniter.php(927): App\Controllers\Record->index()
 2 SYSTEMPATH\CodeIgniter.php(482): CodeIgniter\CodeIgniter->runController(Object(App\Controllers\Record))
 3 SYSTEMPATH\CodeIgniter.php(351): CodeIgniter\CodeIgniter->handleRequest(null, Object(Config\Cache), false)
 4 FCPATH\index.php(67): CodeIgniter\CodeIgniter->run()
CRITICAL - 2022-11-16 11:41:31 --> Class "App\Controllers\RecordModel" not found
in APPPATH\Controllers\Record.php on line 11.
 1 SYSTEMPATH\CodeIgniter.php(927): App\Controllers\Record->index()
 2 SYSTEMPATH\CodeIgniter.php(482): CodeIgniter\CodeIgniter->runController(Object(App\Controllers\Record))
 3 SYSTEMPATH\CodeIgniter.php(351): CodeIgniter\CodeIgniter->handleRequest(null, Object(Config\Cache), false)
 4 FCPATH\index.php(67): CodeIgniter\CodeIgniter->run()
CRITICAL - 2022-11-16 11:41:37 --> Class "App\Controllers\RecordModel" not found
in APPPATH\Controllers\Record.php on line 11.
 1 SYSTEMPATH\CodeIgniter.php(927): App\Controllers\Record->index()
 2 SYSTEMPATH\CodeIgniter.php(482): CodeIgniter\CodeIgniter->runController(Object(App\Controllers\Record))
 3 SYSTEMPATH\CodeIgniter.php(351): CodeIgniter\CodeIgniter->handleRequest(null, Object(Config\Cache), false)
 4 FCPATH\index.php(67): CodeIgniter\CodeIgniter->run()
CRITICAL - 2022-11-16 11:52:55 --> syntax error, unexpected token "*", expecting "function" or "const"
in APPPATH\Controllers\Record.php on line 51.
 1 SYSTEMPATH\Autoloader\Autoloader.php(259): CodeIgniter\Autoloader\Autoloader->includeFile('APPPATH\\Controllers\\Record.php')
 2 SYSTEMPATH\Autoloader\Autoloader.php(237): CodeIgniter\Autoloader\Autoloader->loadInNamespace('App\\Controllers\\Record')
 3 [internal function]: CodeIgniter\Autoloader\Autoloader->loadClass('App\\Controllers\\Record')
 4 SYSTEMPATH\CodeIgniter.php(877): class_exists('\\App\\Controllers\\Record', true)
 5 SYSTEMPATH\CodeIgniter.php(469): CodeIgniter\CodeIgniter->startController()
 6 SYSTEMPATH\CodeIgniter.php(351): CodeIgniter\CodeIgniter->handleRequest(null, Object(Config\Cache), false)
 7 FCPATH\index.php(67): CodeIgniter\CodeIgniter->run()
CRITICAL - 2022-11-16 11:53:13 --> syntax error, unexpected token "*", expecting "function" or "const"
in APPPATH\Controllers\Record.php on line 51.
 1 SYSTEMPATH\Autoloader\Autoloader.php(259): CodeIgniter\Autoloader\Autoloader->includeFile('APPPATH\\Controllers\\Record.php')
 2 SYSTEMPATH\Autoloader\Autoloader.php(237): CodeIgniter\Autoloader\Autoloader->loadInNamespace('App\\Controllers\\Record')
 3 [internal function]: CodeIgniter\Autoloader\Autoloader->loadClass('App\\Controllers\\Record')
 4 SYSTEMPATH\CodeIgniter.php(877): class_exists('\\App\\Controllers\\Record', true)
 5 SYSTEMPATH\CodeIgniter.php(469): CodeIgniter\CodeIgniter->startController()
 6 SYSTEMPATH\CodeIgniter.php(351): CodeIgniter\CodeIgniter->handleRequest(null, Object(Config\Cache), false)
 7 FCPATH\index.php(67): CodeIgniter\CodeIgniter->run()
CRITICAL - 2022-11-16 11:53:57 --> syntax error, unexpected token "*", expecting "function" or "const"
in APPPATH\Controllers\Record.php on line 51.
 1 SYSTEMPATH\Autoloader\Autoloader.php(259): CodeIgniter\Autoloader\Autoloader->includeFile('APPPATH\\Controllers\\Record.php')
 2 SYSTEMPATH\Autoloader\Autoloader.php(237): CodeIgniter\Autoloader\Autoloader->loadInNamespace('App\\Controllers\\Record')
 3 [internal function]: CodeIgniter\Autoloader\Autoloader->loadClass('App\\Controllers\\Record')
 4 SYSTEMPATH\CodeIgniter.php(877): class_exists('\\App\\Controllers\\Record', true)
 5 SYSTEMPATH\CodeIgniter.php(469): CodeIgniter\CodeIgniter->startController()
 6 SYSTEMPATH\CodeIgniter.php(351): CodeIgniter\CodeIgniter->handleRequest(null, Object(Config\Cache), false)
 7 FCPATH\index.php(67): CodeIgniter\CodeIgniter->run()
CRITICAL - 2022-11-16 12:25:21 --> syntax error, unexpected token "*", expecting "function" or "const"
in APPPATH\Controllers\Record.php on line 51.
 1 SYSTEMPATH\Autoloader\Autoloader.php(259): CodeIgniter\Autoloader\Autoloader->includeFile('APPPATH\\Controllers\\Record.php')
 2 SYSTEMPATH\Autoloader\Autoloader.php(237): CodeIgniter\Autoloader\Autoloader->loadInNamespace('App\\Controllers\\Record')
 3 [internal function]: CodeIgniter\Autoloader\Autoloader->loadClass('App\\Controllers\\Record')
 4 SYSTEMPATH\CodeIgniter.php(877): class_exists('\\App\\Controllers\\Record', true)
 5 SYSTEMPATH\CodeIgniter.php(469): CodeIgniter\CodeIgniter->startController()
 6 SYSTEMPATH\CodeIgniter.php(351): CodeIgniter\CodeIgniter->handleRequest(null, Object(Config\Cache), false)
 7 FCPATH\index.php(67): CodeIgniter\CodeIgniter->run()
CRITICAL - 2022-11-16 12:25:58 --> syntax error, unexpected token "*", expecting "function" or "const"
in APPPATH\Controllers\Record.php on line 51.
 1 SYSTEMPATH\Autoloader\Autoloader.php(259): CodeIgniter\Autoloader\Autoloader->includeFile('APPPATH\\Controllers\\Record.php')
 2 SYSTEMPATH\Autoloader\Autoloader.php(237): CodeIgniter\Autoloader\Autoloader->loadInNamespace('App\\Controllers\\Record')
 3 [internal function]: CodeIgniter\Autoloader\Autoloader->loadClass('App\\Controllers\\Record')
 4 SYSTEMPATH\CodeIgniter.php(877): class_exists('\\App\\Controllers\\Record', true)
 5 SYSTEMPATH\CodeIgniter.php(469): CodeIgniter\CodeIgniter->startController()
 6 SYSTEMPATH\CodeIgniter.php(351): CodeIgniter\CodeIgniter->handleRequest(null, Object(Config\Cache), false)
 7 FCPATH\index.php(67): CodeIgniter\CodeIgniter->run()
CRITICAL - 2022-11-16 12:28:05 --> Class "App\Controllers\RecordModel" not found
in APPPATH\Controllers\Record.php on line 11.
 1 SYSTEMPATH\CodeIgniter.php(927): App\Controllers\Record->index()
 2 SYSTEMPATH\CodeIgniter.php(482): CodeIgniter\CodeIgniter->runController(Object(App\Controllers\Record))
 3 SYSTEMPATH\CodeIgniter.php(351): CodeIgniter\CodeIgniter->handleRequest(null, Object(Config\Cache), false)
 4 FCPATH\index.php(67): CodeIgniter\CodeIgniter->run()
CRITICAL - 2022-11-16 12:34:06 --> Class "App\Controllers\RecordModel" not found
in APPPATH\Controllers\Record.php on line 12.
 1 SYSTEMPATH\CodeIgniter.php(927): App\Controllers\Record->index()
 2 SYSTEMPATH\CodeIgniter.php(482): CodeIgniter\CodeIgniter->runController(Object(App\Controllers\Record))
 3 SYSTEMPATH\CodeIgniter.php(351): CodeIgniter\CodeIgniter->handleRequest(null, Object(Config\Cache), false)
 4 FCPATH\index.php(67): CodeIgniter\CodeIgniter->run()
CRITICAL - 2022-11-16 12:36:08 --> Class "App\Controllers\RecordModel" not found
in APPPATH\Controllers\Record.php on line 12.
 1 SYSTEMPATH\CodeIgniter.php(927): App\Controllers\Record->index()
 2 SYSTEMPATH\CodeIgniter.php(482): CodeIgniter\CodeIgniter->runController(Object(App\Controllers\Record))
 3 SYSTEMPATH\CodeIgniter.php(351): CodeIgniter\CodeIgniter->handleRequest(null, Object(Config\Cache), false)
 4 FCPATH\index.php(67): CodeIgniter\CodeIgniter->run()
CRITICAL - 2022-11-16 12:45:12 --> Class "App\Controllers\RecordModel" not found
in APPPATH\Controllers\Record.php on line 12.
 1 SYSTEMPATH\CodeIgniter.php(927): App\Controllers\Record->index()
 2 SYSTEMPATH\CodeIgniter.php(482): CodeIgniter\CodeIgniter->runController(Object(App\Controllers\Record))
 3 SYSTEMPATH\CodeIgniter.php(351): CodeIgniter\CodeIgniter->handleRequest(null, Object(Config\Cache), false)
 4 FCPATH\index.php(67): CodeIgniter\CodeIgniter->run()
CRITICAL - 2022-11-16 12:45:31 --> Class "App\Controllers\RecordModel" not found
in APPPATH\Controllers\Record.php on line 12.
 1 SYSTEMPATH\CodeIgniter.php(927): App\Controllers\Record->index()
 2 SYSTEMPATH\CodeIgniter.php(482): CodeIgniter\CodeIgniter->runController(Object(App\Controllers\Record))
 3 SYSTEMPATH\CodeIgniter.php(351): CodeIgniter\CodeIgniter->handleRequest(null, Object(Config\Cache), false)
 4 FCPATH\index.php(67): CodeIgniter\CodeIgniter->run()
CRITICAL - 2022-11-16 12:46:33 --> Class "App\Controllers\RecordModel" not found
in APPPATH\Controllers\Record.php on line 12.
 1 SYSTEMPATH\CodeIgniter.php(927): App\Controllers\Record->index()
 2 SYSTEMPATH\CodeIgniter.php(482): CodeIgniter\CodeIgniter->runController(Object(App\Controllers\Record))
 3 SYSTEMPATH\CodeIgniter.php(351): CodeIgniter\CodeIgniter->handleRequest(null, Object(Config\Cache), false)
 4 FCPATH\index.php(67): CodeIgniter\CodeIgniter->run()
CRITICAL - 2022-11-16 12:46:37 --> Class "App\Controllers\RecordModel" not found
in APPPATH\Controllers\Record.php on line 12.
 1 SYSTEMPATH\CodeIgniter.php(927): App\Controllers\Record->index()
 2 SYSTEMPATH\CodeIgniter.php(482): CodeIgniter\CodeIgniter->runController(Object(App\Controllers\Record))
 3 SYSTEMPATH\CodeIgniter.php(351): CodeIgniter\CodeIgniter->handleRequest(null, Object(Config\Cache), false)
 4 FCPATH\index.php(67): CodeIgniter\CodeIgniter->run()
CRITICAL - 2022-11-16 12:46:40 --> Class "App\Controllers\RecordModel" not found
in APPPATH\Controllers\Record.php on line 12.
 1 SYSTEMPATH\CodeIgniter.php(927): App\Controllers\Record->index()
 2 SYSTEMPATH\CodeIgniter.php(482): CodeIgniter\CodeIgniter->runController(Object(App\Controllers\Record))
 3 SYSTEMPATH\CodeIgniter.php(351): CodeIgniter\CodeIgniter->handleRequest(null, Object(Config\Cache), false)
 4 FCPATH\index.php(67): CodeIgniter\CodeIgniter->run()
CRITICAL - 2022-11-16 12:46:46 --> Class "App\Controllers\RecordModel" not found
in APPPATH\Controllers\Record.php on line 12.
 1 SYSTEMPATH\CodeIgniter.php(927): App\Controllers\Record->index()
 2 SYSTEMPATH\CodeIgniter.php(482): CodeIgniter\CodeIgniter->runController(Object(App\Controllers\Record))
 3 SYSTEMPATH\CodeIgniter.php(351): CodeIgniter\CodeIgniter->handleRequest(null, Object(Config\Cache), false)
 4 FCPATH\index.php(67): CodeIgniter\CodeIgniter->run()
CRITICAL - 2022-11-16 12:48:57 --> Class "App\Controllers\RecordModel" not found
in APPPATH\Controllers\Record.php on line 12.
 1 SYSTEMPATH\CodeIgniter.php(927): App\Controllers\Record->index()
 2 SYSTEMPATH\CodeIgniter.php(482): CodeIgniter\CodeIgniter->runController(Object(App\Controllers\Record))
 3 SYSTEMPATH\CodeIgniter.php(351): CodeIgniter\CodeIgniter->handleRequest(null, Object(Config\Cache), false)
 4 FCPATH\index.php(67): CodeIgniter\CodeIgniter->run()
CRITICAL - 2022-11-16 12:49:10 --> Class "App\Controllers\RecordModel" not found
in APPPATH\Controllers\Record.php on line 12.
 1 SYSTEMPATH\CodeIgniter.php(927): App\Controllers\Record->index()
 2 SYSTEMPATH\CodeIgniter.php(482): CodeIgniter\CodeIgniter->runController(Object(App\Controllers\Record))
 3 SYSTEMPATH\CodeIgniter.php(351): CodeIgniter\CodeIgniter->handleRequest(null, Object(Config\Cache), false)
 4 FCPATH\index.php(67): CodeIgniter\CodeIgniter->run()
CRITICAL - 2022-11-16 12:52:26 --> Class "App\Controllers\RecordModel" not found
in APPPATH\Controllers\Record.php on line 12.
 1 SYSTEMPATH\CodeIgniter.php(927): App\Controllers\Record->index()
 2 SYSTEMPATH\CodeIgniter.php(482): CodeIgniter\CodeIgniter->runController(Object(App\Controllers\Record))
 3 SYSTEMPATH\CodeIgniter.php(351): CodeIgniter\CodeIgniter->handleRequest(null, Object(Config\Cache), false)
 4 FCPATH\index.php(67): CodeIgniter\CodeIgniter->run()
CRITICAL - 2022-11-16 12:52:53 --> Class "App\Controllers\RecordModel" not found
in APPPATH\Controllers\Record.php on line 12.
 1 SYSTEMPATH\CodeIgniter.php(927): App\Controllers\Record->index()
 2 SYSTEMPATH\CodeIgniter.php(482): CodeIgniter\CodeIgniter->runController(Object(App\Controllers\Record))
 3 SYSTEMPATH\CodeIgniter.php(351): CodeIgniter\CodeIgniter->handleRequest(null, Object(Config\Cache), false)
 4 FCPATH\index.php(67): CodeIgniter\CodeIgniter->run()
CRITICAL - 2022-11-16 12:54:03 --> Class "App\Controllers\RecordModel" not found
in APPPATH\Controllers\Record.php on line 12.
 1 SYSTEMPATH\CodeIgniter.php(927): App\Controllers\Record->index()
 2 SYSTEMPATH\CodeIgniter.php(482): CodeIgniter\CodeIgniter->runController(Object(App\Controllers\Record))
 3 SYSTEMPATH\CodeIgniter.php(351): CodeIgniter\CodeIgniter->handleRequest(null, Object(Config\Cache), false)
 4 FCPATH\index.php(67): CodeIgniter\CodeIgniter->run()
CRITICAL - 2022-11-16 12:54:56 --> Class "App\Controllers\RecordModel" not found
in APPPATH\Controllers\Record.php on line 12.
 1 SYSTEMPATH\CodeIgniter.php(927): App\Controllers\Record->index()
 2 SYSTEMPATH\CodeIgniter.php(482): CodeIgniter\CodeIgniter->runController(Object(App\Controllers\Record))
 3 SYSTEMPATH\CodeIgniter.php(351): CodeIgniter\CodeIgniter->handleRequest(null, Object(Config\Cache), false)
 4 FCPATH\index.php(67): CodeIgniter\CodeIgniter->run()
CRITICAL - 2022-11-16 12:56:39 --> Class "App\Controllers\RecordModel" not found
in APPPATH\Controllers\Record.php on line 12.
 1 SYSTEMPATH\CodeIgniter.php(927): App\Controllers\Record->index()
 2 SYSTEMPATH\CodeIgniter.php(482): CodeIgniter\CodeIgniter->runController(Object(App\Controllers\Record))
 3 SYSTEMPATH\CodeIgniter.php(351): CodeIgniter\CodeIgniter->handleRequest(null, Object(Config\Cache), false)
 4 FCPATH\index.php(67): CodeIgniter\CodeIgniter->run()
CRITICAL - 2022-11-16 12:56:43 --> Class "App\Controllers\RecordModel" not found
in APPPATH\Controllers\Record.php on line 12.
 1 SYSTEMPATH\CodeIgniter.php(927): App\Controllers\Record->index()
 2 SYSTEMPATH\CodeIgniter.php(482): CodeIgniter\CodeIgniter->runController(Object(App\Controllers\Record))
 3 SYSTEMPATH\CodeIgniter.php(351): CodeIgniter\CodeIgniter->handleRequest(null, Object(Config\Cache), false)
 4 FCPATH\index.php(67): CodeIgniter\CodeIgniter->run()
CRITICAL - 2022-11-16 12:59:32 --> Class "App\Controllers\RecordModel" not found
in APPPATH\Controllers\Record.php on line 12.
 1 SYSTEMPATH\CodeIgniter.php(927): App\Controllers\Record->index()
 2 SYSTEMPATH\CodeIgniter.php(482): CodeIgniter\CodeIgniter->runController(Object(App\Controllers\Record))
 3 SYSTEMPATH\CodeIgniter.php(351): CodeIgniter\CodeIgniter->handleRequest(null, Object(Config\Cache), false)
 4 FCPATH\index.php(67): CodeIgniter\CodeIgniter->run()
CRITICAL - 2022-11-16 12:59:58 --> Class "App\Controllers\RecordModel" not found
in APPPATH\Controllers\Record.php on line 12.
 1 SYSTEMPATH\CodeIgniter.php(927): App\Controllers\Record->index()
 2 SYSTEMPATH\CodeIgniter.php(482): CodeIgniter\CodeIgniter->runController(Object(App\Controllers\Record))
 3 SYSTEMPATH\CodeIgniter.php(351): CodeIgniter\CodeIgniter->handleRequest(null, Object(Config\Cache), false)
 4 FCPATH\index.php(67): CodeIgniter\CodeIgniter->run()
CRITICAL - 2022-11-16 13:00:52 --> Class "App\Controllers\RecordModel" not found
in APPPATH\Controllers\Record.php on line 12.
 1 SYSTEMPATH\CodeIgniter.php(927): App\Controllers\Record->index()
 2 SYSTEMPATH\CodeIgniter.php(482): CodeIgniter\CodeIgniter->runController(Object(App\Controllers\Record))
 3 SYSTEMPATH\CodeIgniter.php(351): CodeIgniter\CodeIgniter->handleRequest(null, Object(Config\Cache), false)
 4 FCPATH\index.php(67): CodeIgniter\CodeIgniter->run()
