CRITICAL - 2022-11-15 10:00:31 --> Undefined array key "name"
in APPPATH\Views\Publication\all.php on line 25.
 1 APPPATH\Views\Publication\all.php(25): CodeIgniter\Debug\Exceptions->errorHandler(2, 'Undefined array key "name"', 'APPPATH\\Views\\Publication\\all.php', 25)
 2 SYSTEMPATH\View\View.php(213): include('APPPATH\\Views\\Publication\\all.php')
 3 SYSTEMPATH\View\View.php(216): CodeIgniter\View\View->CodeIgniter\View\{closure}()
 4 SYSTEMPATH\Common.php(1134): CodeIgniter\View\View->render('Publication/all', [], true)
 5 APPPATH\Controllers\Publication.php(15): view('Publication/all', [...])
 6 SYSTEMPATH\CodeIgniter.php(927): App\Controllers\Publication->index()
 7 SYSTEMPATH\CodeIgniter.php(482): CodeIgniter\CodeIgniter->runController(Object(App\Controllers\Publication))
 8 SYSTEMPATH\CodeIgniter.php(351): CodeIgniter\CodeIgniter->handleRequest(null, Object(Config\Cache), false)
 9 FCPATH\index.php(67): CodeIgniter\CodeIgniter->run()
CRITICAL - 2022-11-15 10:02:35 --> Undefined array key "name"
in APPPATH\Views\Publication\all.php on line 25.
 1 APPPATH\Views\Publication\all.php(25): CodeIgniter\Debug\Exceptions->errorHandler(2, 'Undefined array key "name"', 'APPPATH\\Views\\Publication\\all.php', 25)
 2 SYSTEMPATH\View\View.php(213): include('APPPATH\\Views\\Publication\\all.php')
 3 SYSTEMPATH\View\View.php(216): CodeIgniter\View\View->CodeIgniter\View\{closure}()
 4 SYSTEMPATH\Common.php(1134): CodeIgniter\View\View->render('Publication/all', [], true)
 5 APPPATH\Controllers\Publication.php(15): view('Publication/all', [...])
 6 SYSTEMPATH\CodeIgniter.php(927): App\Controllers\Publication->index()
 7 SYSTEMPATH\CodeIgniter.php(482): CodeIgniter\CodeIgniter->runController(Object(App\Controllers\Publication))
 8 SYSTEMPATH\CodeIgniter.php(351): CodeIgniter\CodeIgniter->handleRequest(null, Object(Config\Cache), false)
 9 FCPATH\index.php(67): CodeIgniter\CodeIgniter->run()
CRITICAL - 2022-11-15 12:44:30 --> Trying to access array offset on value of type null
in APPPATH\Views\Publication\edit.php on line 2.
 1 APPPATH\Views\Publication\edit.php(2): CodeIgniter\Debug\Exceptions->errorHandler(2, 'Trying to access array offset on value of type null', 'APPPATH\\Views\\Publication\\edit.php', 2)
 2 SYSTEMPATH\View\View.php(213): include('APPPATH\\Views\\Publication\\edit.php')
 3 SYSTEMPATH\View\View.php(216): CodeIgniter\View\View->CodeIgniter\View\{closure}()
 4 SYSTEMPATH\Common.php(1134): CodeIgniter\View\View->render('Publication/edit', [], true)
 5 APPPATH\Controllers\Publication.php(40): view('Publication/edit', [...])
 6 SYSTEMPATH\CodeIgniter.php(927): App\Controllers\Publication->edit('1')
 7 SYSTEMPATH\CodeIgniter.php(482): CodeIgniter\CodeIgniter->runController(Object(App\Controllers\Publication))
 8 SYSTEMPATH\CodeIgniter.php(351): CodeIgniter\CodeIgniter->handleRequest(null, Object(Config\Cache), false)
 9 FCPATH\index.php(67): CodeIgniter\CodeIgniter->run()
CRITICAL - 2022-11-15 12:45:03 --> Trying to access array offset on value of type null
in APPPATH\Views\Publication\edit.php on line 2.
 1 APPPATH\Views\Publication\edit.php(2): CodeIgniter\Debug\Exceptions->errorHandler(2, 'Trying to access array offset on value of type null', 'APPPATH\\Views\\Publication\\edit.php', 2)
 2 SYSTEMPATH\View\View.php(213): include('APPPATH\\Views\\Publication\\edit.php')
 3 SYSTEMPATH\View\View.php(216): CodeIgniter\View\View->CodeIgniter\View\{closure}()
 4 SYSTEMPATH\Common.php(1134): CodeIgniter\View\View->render('Publication/edit', [], true)
 5 APPPATH\Controllers\Publication.php(40): view('Publication/edit', [...])
 6 SYSTEMPATH\CodeIgniter.php(927): App\Controllers\Publication->edit('321321')
 7 SYSTEMPATH\CodeIgniter.php(482): CodeIgniter\CodeIgniter->runController(Object(App\Controllers\Publication))
 8 SYSTEMPATH\CodeIgniter.php(351): CodeIgniter\CodeIgniter->handleRequest(null, Object(Config\Cache), false)
 9 FCPATH\index.php(67): CodeIgniter\CodeIgniter->run()
