CRITICAL - 2022-11-09 14:16:18 --> Class "App\Controllers\BaseControllers" not found
in APPPATH\Controllers\User.php on line 6.
 1 SYSTEMPATH\Autoloader\Autoloader.php(282): include_once()
 2 SYSTEMPATH\Autoloader\Autoloader.php(259): CodeIgniter\Autoloader\Autoloader->includeFile('APPPATH\\Controllers\\User.php')
 3 SYSTEMPATH\Autoloader\Autoloader.php(237): CodeIgniter\Autoloader\Autoloader->loadInNamespace('App\\Controllers\\User')
 4 [internal function]: CodeIgniter\Autoloader\Autoloader->loadClass('App\\Controllers\\User')
 5 SYSTEMPATH\CodeIgniter.php(877): class_exists('\\App\\Controllers\\User', true)
 6 SYSTEMPATH\CodeIgniter.php(469): CodeIgniter\CodeIgniter->startController()
 7 SYSTEMPATH\CodeIgniter.php(351): CodeIgniter\CodeIgniter->handleRequest(null, Object(Config\Cache), false)
 8 FCPATH\index.php(67): CodeIgniter\CodeIgniter->run()
CRITICAL - 2022-11-09 14:16:34 --> Class "App\Controllers\BaseControllers" not found
in APPPATH\Controllers\User.php on line 6.
 1 SYSTEMPATH\Autoloader\Autoloader.php(282): include_once()
 2 SYSTEMPATH\Autoloader\Autoloader.php(259): CodeIgniter\Autoloader\Autoloader->includeFile('APPPATH\\Controllers\\User.php')
 3 SYSTEMPATH\Autoloader\Autoloader.php(237): CodeIgniter\Autoloader\Autoloader->loadInNamespace('App\\Controllers\\User')
 4 [internal function]: CodeIgniter\Autoloader\Autoloader->loadClass('App\\Controllers\\User')
 5 SYSTEMPATH\CodeIgniter.php(877): class_exists('\\App\\Controllers\\User', true)
 6 SYSTEMPATH\CodeIgniter.php(469): CodeIgniter\CodeIgniter->startController()
 7 SYSTEMPATH\CodeIgniter.php(351): CodeIgniter\CodeIgniter->handleRequest(null, Object(Config\Cache), false)
 8 FCPATH\index.php(67): CodeIgniter\CodeIgniter->run()
CRITICAL - 2022-11-09 14:18:24 --> Class "App\Controllers\BaseControllers" not found
in APPPATH\Controllers\User.php on line 6.
 1 SYSTEMPATH\Autoloader\Autoloader.php(282): include_once()
 2 SYSTEMPATH\Autoloader\Autoloader.php(259): CodeIgniter\Autoloader\Autoloader->includeFile('APPPATH\\Controllers\\User.php')
 3 SYSTEMPATH\Autoloader\Autoloader.php(237): CodeIgniter\Autoloader\Autoloader->loadInNamespace('App\\Controllers\\User')
 4 [internal function]: CodeIgniter\Autoloader\Autoloader->loadClass('App\\Controllers\\User')
 5 SYSTEMPATH\CodeIgniter.php(877): class_exists('\\App\\Controllers\\User', true)
 6 SYSTEMPATH\CodeIgniter.php(469): CodeIgniter\CodeIgniter->startController()
 7 SYSTEMPATH\CodeIgniter.php(351): CodeIgniter\CodeIgniter->handleRequest(null, Object(Config\Cache), false)
 8 FCPATH\index.php(67): CodeIgniter\CodeIgniter->run()
CRITICAL - 2022-11-09 14:58:44 --> Class "App\Controllers\BaseControllers" not found
in APPPATH\Controllers\User.php on line 6.
 1 SYSTEMPATH\Autoloader\Autoloader.php(282): include_once()
 2 SYSTEMPATH\Autoloader\Autoloader.php(259): CodeIgniter\Autoloader\Autoloader->includeFile('APPPATH\\Controllers\\User.php')
 3 SYSTEMPATH\Autoloader\Autoloader.php(237): CodeIgniter\Autoloader\Autoloader->loadInNamespace('App\\Controllers\\User')
 4 [internal function]: CodeIgniter\Autoloader\Autoloader->loadClass('App\\Controllers\\User')
 5 SYSTEMPATH\CodeIgniter.php(877): class_exists('\\App\\Controllers\\User', true)
 6 SYSTEMPATH\CodeIgniter.php(469): CodeIgniter\CodeIgniter->startController()
 7 SYSTEMPATH\CodeIgniter.php(351): CodeIgniter\CodeIgniter->handleRequest(null, Object(Config\Cache), false)
 8 FCPATH\index.php(67): CodeIgniter\CodeIgniter->run()
CRITICAL - 2022-11-09 15:02:44 --> Class "App\Controllers\BaseControllers" not found
in APPPATH\Controllers\User.php on line 6.
 1 SYSTEMPATH\Autoloader\Autoloader.php(282): include_once()
 2 SYSTEMPATH\Autoloader\Autoloader.php(259): CodeIgniter\Autoloader\Autoloader->includeFile('APPPATH\\Controllers\\User.php')
 3 SYSTEMPATH\Autoloader\Autoloader.php(237): CodeIgniter\Autoloader\Autoloader->loadInNamespace('App\\Controllers\\User')
 4 [internal function]: CodeIgniter\Autoloader\Autoloader->loadClass('App\\Controllers\\User')
 5 SYSTEMPATH\CodeIgniter.php(877): class_exists('\\App\\Controllers\\User', true)
 6 SYSTEMPATH\CodeIgniter.php(469): CodeIgniter\CodeIgniter->startController()
 7 SYSTEMPATH\CodeIgniter.php(351): CodeIgniter\CodeIgniter->handleRequest(null, Object(Config\Cache), false)
 8 FCPATH\index.php(67): CodeIgniter\CodeIgniter->run()
CRITICAL - 2022-11-09 15:05:16 --> Class "App\Controllers\BaseControllers" not found
in APPPATH\Controllers\User.php on line 6.
 1 SYSTEMPATH\Autoloader\Autoloader.php(282): include_once()
 2 SYSTEMPATH\Autoloader\Autoloader.php(259): CodeIgniter\Autoloader\Autoloader->includeFile('APPPATH\\Controllers\\User.php')
 3 SYSTEMPATH\Autoloader\Autoloader.php(237): CodeIgniter\Autoloader\Autoloader->loadInNamespace('App\\Controllers\\User')
 4 [internal function]: CodeIgniter\Autoloader\Autoloader->loadClass('App\\Controllers\\User')
 5 SYSTEMPATH\CodeIgniter.php(877): class_exists('\\App\\Controllers\\User', true)
 6 SYSTEMPATH\CodeIgniter.php(469): CodeIgniter\CodeIgniter->startController()
 7 SYSTEMPATH\CodeIgniter.php(351): CodeIgniter\CodeIgniter->handleRequest(null, Object(Config\Cache), false)
 8 FCPATH\index.php(67): CodeIgniter\CodeIgniter->run()
CRITICAL - 2022-11-09 15:05:57 --> Class "App\Controllers\BaseControllers" not found
in APPPATH\Controllers\User.php on line 6.
 1 SYSTEMPATH\Autoloader\Autoloader.php(282): include_once()
 2 SYSTEMPATH\Autoloader\Autoloader.php(259): CodeIgniter\Autoloader\Autoloader->includeFile('APPPATH\\Controllers\\User.php')
 3 SYSTEMPATH\Autoloader\Autoloader.php(237): CodeIgniter\Autoloader\Autoloader->loadInNamespace('App\\Controllers\\User')
 4 [internal function]: CodeIgniter\Autoloader\Autoloader->loadClass('App\\Controllers\\User')
 5 SYSTEMPATH\CodeIgniter.php(877): class_exists('\\App\\Controllers\\User', true)
 6 SYSTEMPATH\CodeIgniter.php(469): CodeIgniter\CodeIgniter->startController()
 7 SYSTEMPATH\CodeIgniter.php(351): CodeIgniter\CodeIgniter->handleRequest(null, Object(Config\Cache), false)
 8 FCPATH\index.php(67): CodeIgniter\CodeIgniter->run()
CRITICAL - 2022-11-09 15:07:27 --> Class "App\Controllers\BaseControllers" not found
in APPPATH\Controllers\User.php on line 6.
 1 SYSTEMPATH\Autoloader\Autoloader.php(282): include_once()
 2 SYSTEMPATH\Autoloader\Autoloader.php(259): CodeIgniter\Autoloader\Autoloader->includeFile('APPPATH\\Controllers\\User.php')
 3 SYSTEMPATH\Autoloader\Autoloader.php(237): CodeIgniter\Autoloader\Autoloader->loadInNamespace('App\\Controllers\\User')
 4 [internal function]: CodeIgniter\Autoloader\Autoloader->loadClass('App\\Controllers\\User')
 5 SYSTEMPATH\CodeIgniter.php(877): class_exists('\\App\\Controllers\\User', true)
 6 SYSTEMPATH\CodeIgniter.php(469): CodeIgniter\CodeIgniter->startController()
 7 SYSTEMPATH\CodeIgniter.php(351): CodeIgniter\CodeIgniter->handleRequest(null, Object(Config\Cache), false)
 8 FCPATH\index.php(67): CodeIgniter\CodeIgniter->run()
CRITICAL - 2022-11-09 15:09:37 --> Class "App\Controllers\BaseControllers" not found
in APPPATH\Controllers\User.php on line 6.
 1 SYSTEMPATH\Autoloader\Autoloader.php(282): include_once()
 2 SYSTEMPATH\Autoloader\Autoloader.php(259): CodeIgniter\Autoloader\Autoloader->includeFile('APPPATH\\Controllers\\User.php')
 3 SYSTEMPATH\Autoloader\Autoloader.php(237): CodeIgniter\Autoloader\Autoloader->loadInNamespace('App\\Controllers\\User')
 4 [internal function]: CodeIgniter\Autoloader\Autoloader->loadClass('App\\Controllers\\User')
 5 SYSTEMPATH\CodeIgniter.php(877): class_exists('\\App\\Controllers\\User', true)
 6 SYSTEMPATH\CodeIgniter.php(469): CodeIgniter\CodeIgniter->startController()
 7 SYSTEMPATH\CodeIgniter.php(351): CodeIgniter\CodeIgniter->handleRequest(null, Object(Config\Cache), false)
 8 FCPATH\index.php(67): CodeIgniter\CodeIgniter->run()
CRITICAL - 2022-11-09 15:15:44 --> Class "App\Controllers\BaseControllers" not found
in APPPATH\Controllers\User.php on line 6.
 1 SYSTEMPATH\Autoloader\Autoloader.php(282): include_once()
 2 SYSTEMPATH\Autoloader\Autoloader.php(259): CodeIgniter\Autoloader\Autoloader->includeFile('APPPATH\\Controllers\\User.php')
 3 SYSTEMPATH\Autoloader\Autoloader.php(237): CodeIgniter\Autoloader\Autoloader->loadInNamespace('App\\Controllers\\User')
 4 [internal function]: CodeIgniter\Autoloader\Autoloader->loadClass('App\\Controllers\\User')
 5 SYSTEMPATH\CodeIgniter.php(877): class_exists('\\App\\Controllers\\User', true)
 6 SYSTEMPATH\CodeIgniter.php(469): CodeIgniter\CodeIgniter->startController()
 7 SYSTEMPATH\CodeIgniter.php(351): CodeIgniter\CodeIgniter->handleRequest(null, Object(Config\Cache), false)
 8 FCPATH\index.php(67): CodeIgniter\CodeIgniter->run()
CRITICAL - 2022-11-09 15:26:48 --> Class "App\Controllers\BaseControllers" not found
in APPPATH\Controllers\User.php on line 6.
 1 SYSTEMPATH\Autoloader\Autoloader.php(282): include_once()
 2 SYSTEMPATH\Autoloader\Autoloader.php(259): CodeIgniter\Autoloader\Autoloader->includeFile('APPPATH\\Controllers\\User.php')
 3 SYSTEMPATH\Autoloader\Autoloader.php(237): CodeIgniter\Autoloader\Autoloader->loadInNamespace('App\\Controllers\\User')
 4 [internal function]: CodeIgniter\Autoloader\Autoloader->loadClass('App\\Controllers\\User')
 5 SYSTEMPATH\CodeIgniter.php(877): class_exists('\\App\\Controllers\\User', true)
 6 SYSTEMPATH\CodeIgniter.php(469): CodeIgniter\CodeIgniter->startController()
 7 SYSTEMPATH\CodeIgniter.php(351): CodeIgniter\CodeIgniter->handleRequest(null, Object(Config\Cache), false)
 8 FCPATH\index.php(67): CodeIgniter\CodeIgniter->run()
CRITICAL - 2022-11-09 15:32:13 --> syntax error, unexpected token "<", expecting identifier or variable or "{" or "$"
in APPPATH\Views\home.php on line 7.
 1 SYSTEMPATH\View\View.php(216): CodeIgniter\View\View->CodeIgniter\View\{closure}()
 2 SYSTEMPATH\Common.php(1134): CodeIgniter\View\View->render('home', [], true)
 3 APPPATH\Controllers\Home.php(10): view('home')
 4 SYSTEMPATH\CodeIgniter.php(927): App\Controllers\Home->index()
 5 SYSTEMPATH\CodeIgniter.php(482): CodeIgniter\CodeIgniter->runController(Object(App\Controllers\Home))
 6 SYSTEMPATH\CodeIgniter.php(351): CodeIgniter\CodeIgniter->handleRequest(null, Object(Config\Cache), false)
 7 FCPATH\index.php(67): CodeIgniter\CodeIgniter->run()
CRITICAL - 2022-11-09 15:32:42 --> syntax error, unexpected token "<", expecting identifier or variable or "{" or "$"
in APPPATH\Views\home.php on line 7.
 1 SYSTEMPATH\View\View.php(216): CodeIgniter\View\View->CodeIgniter\View\{closure}()
 2 SYSTEMPATH\Common.php(1134): CodeIgniter\View\View->render('home', [], true)
 3 APPPATH\Controllers\Home.php(10): view('home')
 4 SYSTEMPATH\CodeIgniter.php(927): App\Controllers\Home->index()
 5 SYSTEMPATH\CodeIgniter.php(482): CodeIgniter\CodeIgniter->runController(Object(App\Controllers\Home))
 6 SYSTEMPATH\CodeIgniter.php(351): CodeIgniter\CodeIgniter->handleRequest(null, Object(Config\Cache), false)
 7 FCPATH\index.php(67): CodeIgniter\CodeIgniter->run()
CRITICAL - 2022-11-09 15:32:44 --> syntax error, unexpected token "<", expecting identifier or variable or "{" or "$"
in APPPATH\Views\home.php on line 7.
 1 SYSTEMPATH\View\View.php(216): CodeIgniter\View\View->CodeIgniter\View\{closure}()
 2 SYSTEMPATH\Common.php(1134): CodeIgniter\View\View->render('home', [], true)
 3 APPPATH\Controllers\Home.php(10): view('home')
 4 SYSTEMPATH\CodeIgniter.php(927): App\Controllers\Home->index()
 5 SYSTEMPATH\CodeIgniter.php(482): CodeIgniter\CodeIgniter->runController(Object(App\Controllers\Home))
 6 SYSTEMPATH\CodeIgniter.php(351): CodeIgniter\CodeIgniter->handleRequest(null, Object(Config\Cache), false)
 7 FCPATH\index.php(67): CodeIgniter\CodeIgniter->run()
CRITICAL - 2022-11-09 15:34:06 --> Class "App\Controllers\BaseControllers" not found
in APPPATH\Controllers\User.php on line 6.
 1 SYSTEMPATH\Autoloader\Autoloader.php(282): include_once()
 2 SYSTEMPATH\Autoloader\Autoloader.php(259): CodeIgniter\Autoloader\Autoloader->includeFile('APPPATH\\Controllers\\User.php')
 3 SYSTEMPATH\Autoloader\Autoloader.php(237): CodeIgniter\Autoloader\Autoloader->loadInNamespace('App\\Controllers\\User')
 4 [internal function]: CodeIgniter\Autoloader\Autoloader->loadClass('App\\Controllers\\User')
 5 SYSTEMPATH\CodeIgniter.php(877): class_exists('\\App\\Controllers\\User', true)
 6 SYSTEMPATH\CodeIgniter.php(469): CodeIgniter\CodeIgniter->startController()
 7 SYSTEMPATH\CodeIgniter.php(351): CodeIgniter\CodeIgniter->handleRequest(null, Object(Config\Cache), false)
 8 FCPATH\index.php(67): CodeIgniter\CodeIgniter->run()
CRITICAL - 2022-11-09 15:34:42 --> Class "App\Controllers\BaseControllers" not found
in APPPATH\Controllers\User.php on line 6.
 1 SYSTEMPATH\Autoloader\Autoloader.php(282): include_once()
 2 SYSTEMPATH\Autoloader\Autoloader.php(259): CodeIgniter\Autoloader\Autoloader->includeFile('APPPATH\\Controllers\\User.php')
 3 SYSTEMPATH\Autoloader\Autoloader.php(237): CodeIgniter\Autoloader\Autoloader->loadInNamespace('App\\Controllers\\User')
 4 [internal function]: CodeIgniter\Autoloader\Autoloader->loadClass('App\\Controllers\\User')
 5 SYSTEMPATH\CodeIgniter.php(877): class_exists('\\App\\Controllers\\User', true)
 6 SYSTEMPATH\CodeIgniter.php(469): CodeIgniter\CodeIgniter->startController()
 7 SYSTEMPATH\CodeIgniter.php(351): CodeIgniter\CodeIgniter->handleRequest(null, Object(Config\Cache), false)
 8 FCPATH\index.php(67): CodeIgniter\CodeIgniter->run()
CRITICAL - 2022-11-09 15:39:28 --> Class "App\Controllers\BaseControllers" not found
in APPPATH\Controllers\User.php on line 6.
 1 SYSTEMPATH\Autoloader\Autoloader.php(282): include_once()
 2 SYSTEMPATH\Autoloader\Autoloader.php(259): CodeIgniter\Autoloader\Autoloader->includeFile('APPPATH\\Controllers\\User.php')
 3 SYSTEMPATH\Autoloader\Autoloader.php(237): CodeIgniter\Autoloader\Autoloader->loadInNamespace('App\\Controllers\\User')
 4 [internal function]: CodeIgniter\Autoloader\Autoloader->loadClass('App\\Controllers\\User')
 5 SYSTEMPATH\CodeIgniter.php(877): class_exists('\\App\\Controllers\\User', true)
 6 SYSTEMPATH\CodeIgniter.php(469): CodeIgniter\CodeIgniter->startController()
 7 SYSTEMPATH\CodeIgniter.php(351): CodeIgniter\CodeIgniter->handleRequest(null, Object(Config\Cache), false)
 8 FCPATH\index.php(67): CodeIgniter\CodeIgniter->run()
CRITICAL - 2022-11-09 15:39:48 --> Class "App\Controllers\BaseControllers" not found
in APPPATH\Controllers\User.php on line 6.
 1 SYSTEMPATH\Autoloader\Autoloader.php(282): include_once()
 2 SYSTEMPATH\Autoloader\Autoloader.php(259): CodeIgniter\Autoloader\Autoloader->includeFile('APPPATH\\Controllers\\User.php')
 3 SYSTEMPATH\Autoloader\Autoloader.php(237): CodeIgniter\Autoloader\Autoloader->loadInNamespace('App\\Controllers\\User')
 4 [internal function]: CodeIgniter\Autoloader\Autoloader->loadClass('App\\Controllers\\User')
 5 SYSTEMPATH\CodeIgniter.php(877): class_exists('\\App\\Controllers\\User', true)
 6 SYSTEMPATH\CodeIgniter.php(469): CodeIgniter\CodeIgniter->startController()
 7 SYSTEMPATH\CodeIgniter.php(351): CodeIgniter\CodeIgniter->handleRequest(null, Object(Config\Cache), false)
 8 FCPATH\index.php(67): CodeIgniter\CodeIgniter->run()
CRITICAL - 2022-11-09 16:46:58 --> syntax error, unexpected variable "$model", expecting "function" or "const"
in APPPATH\Controllers\Publication.php on line 8.
 1 SYSTEMPATH\Autoloader\Autoloader.php(259): CodeIgniter\Autoloader\Autoloader->includeFile('APPPATH\\Controllers\\Publication.php')
 2 SYSTEMPATH\Autoloader\Autoloader.php(237): CodeIgniter\Autoloader\Autoloader->loadInNamespace('App\\Controllers\\Publication')
 3 [internal function]: CodeIgniter\Autoloader\Autoloader->loadClass('App\\Controllers\\Publication')
 4 SYSTEMPATH\CodeIgniter.php(877): class_exists('\\App\\Controllers\\Publication', true)
 5 SYSTEMPATH\CodeIgniter.php(469): CodeIgniter\CodeIgniter->startController()
 6 SYSTEMPATH\CodeIgniter.php(351): CodeIgniter\CodeIgniter->handleRequest(null, Object(Config\Cache), false)
 7 FCPATH\index.php(67): CodeIgniter\CodeIgniter->run()
CRITICAL - 2022-11-09 16:47:12 --> syntax error, unexpected variable "$model", expecting "function" or "const"
in APPPATH\Controllers\Publication.php on line 8.
 1 SYSTEMPATH\Autoloader\Autoloader.php(259): CodeIgniter\Autoloader\Autoloader->includeFile('APPPATH\\Controllers\\Publication.php')
 2 SYSTEMPATH\Autoloader\Autoloader.php(237): CodeIgniter\Autoloader\Autoloader->loadInNamespace('App\\Controllers\\Publication')
 3 [internal function]: CodeIgniter\Autoloader\Autoloader->loadClass('App\\Controllers\\Publication')
 4 SYSTEMPATH\CodeIgniter.php(877): class_exists('\\App\\Controllers\\Publication', true)
 5 SYSTEMPATH\CodeIgniter.php(469): CodeIgniter\CodeIgniter->startController()
 6 SYSTEMPATH\CodeIgniter.php(351): CodeIgniter\CodeIgniter->handleRequest(null, Object(Config\Cache), false)
 7 FCPATH\index.php(67): CodeIgniter\CodeIgniter->run()
CRITICAL - 2022-11-09 17:15:29 --> Too few arguments to function App\Controllers\Publication::edit(), 0 passed in C:\xampp\htdocs\plantilla\system\CodeIgniter.php on line 927 and exactly 1 expected
in APPPATH\Controllers\Publication.php on line 28.
 1 SYSTEMPATH\CodeIgniter.php(927): App\Controllers\Publication->edit()
 2 SYSTEMPATH\CodeIgniter.php(482): CodeIgniter\CodeIgniter->runController(Object(App\Controllers\Publication))
 3 SYSTEMPATH\CodeIgniter.php(351): CodeIgniter\CodeIgniter->handleRequest(null, Object(Config\Cache), false)
 4 FCPATH\index.php(67): CodeIgniter\CodeIgniter->run()
CRITICAL - 2022-11-09 17:18:42 --> Too few arguments to function App\Controllers\Publication::edit(), 0 passed in C:\xampp\htdocs\plantilla\system\CodeIgniter.php on line 927 and exactly 1 expected
in APPPATH\Controllers\Publication.php on line 28.
 1 SYSTEMPATH\CodeIgniter.php(927): App\Controllers\Publication->edit()
 2 SYSTEMPATH\CodeIgniter.php(482): CodeIgniter\CodeIgniter->runController(Object(App\Controllers\Publication))
 3 SYSTEMPATH\CodeIgniter.php(351): CodeIgniter\CodeIgniter->handleRequest(null, Object(Config\Cache), false)
 4 FCPATH\index.php(67): CodeIgniter\CodeIgniter->run()
CRITICAL - 2022-11-09 17:40:27 --> Call to undefined method App\Models\PublicationModel::firts
in SYSTEMPATH\Model.php on line 774.
 1 APPPATH\Models\PublicationModel.php(17): CodeIgniter\Model->__call('firts', [])
 2 APPPATH\Controllers\Publication.php(38): App\Models\PublicationModel->get('1')
 3 SYSTEMPATH\CodeIgniter.php(927): App\Controllers\Publication->edit('1')
 4 SYSTEMPATH\CodeIgniter.php(482): CodeIgniter\CodeIgniter->runController(Object(App\Controllers\Publication))
 5 SYSTEMPATH\CodeIgniter.php(351): CodeIgniter\CodeIgniter->handleRequest(null, Object(Config\Cache), false)
 6 FCPATH\index.php(67): CodeIgniter\CodeIgniter->run()
CRITICAL - 2022-11-09 17:48:03 --> Call to undefined method App\Models\PublicationModel::firts
in SYSTEMPATH\Model.php on line 774.
 1 APPPATH\Models\PublicationModel.php(17): CodeIgniter\Model->__call('firts', [])
 2 APPPATH\Controllers\Publication.php(38): App\Models\PublicationModel->get('7')
 3 SYSTEMPATH\CodeIgniter.php(927): App\Controllers\Publication->edit('7')
 4 SYSTEMPATH\CodeIgniter.php(482): CodeIgniter\CodeIgniter->runController(Object(App\Controllers\Publication))
 5 SYSTEMPATH\CodeIgniter.php(351): CodeIgniter\CodeIgniter->handleRequest(null, Object(Config\Cache), false)
 6 FCPATH\index.php(67): CodeIgniter\CodeIgniter->run()
CRITICAL - 2022-11-09 17:50:23 --> Call to undefined method App\Models\PublicationModel::firts
in SYSTEMPATH\Model.php on line 774.
 1 APPPATH\Models\PublicationModel.php(17): CodeIgniter\Model->__call('firts', [])
 2 APPPATH\Controllers\Publication.php(38): App\Models\PublicationModel->get('6')
 3 SYSTEMPATH\CodeIgniter.php(927): App\Controllers\Publication->edit('6')
 4 SYSTEMPATH\CodeIgniter.php(482): CodeIgniter\CodeIgniter->runController(Object(App\Controllers\Publication))
 5 SYSTEMPATH\CodeIgniter.php(351): CodeIgniter\CodeIgniter->handleRequest(null, Object(Config\Cache), false)
 6 FCPATH\index.php(67): CodeIgniter\CodeIgniter->run()
CRITICAL - 2022-11-09 17:54:40 --> Call to undefined method App\Models\PublicationModel::firts
in SYSTEMPATH\Model.php on line 774.
 1 APPPATH\Models\PublicationModel.php(17): CodeIgniter\Model->__call('firts', [])
 2 APPPATH\Controllers\Publication.php(38): App\Models\PublicationModel->get('3')
 3 SYSTEMPATH\CodeIgniter.php(927): App\Controllers\Publication->edit('3')
 4 SYSTEMPATH\CodeIgniter.php(482): CodeIgniter\CodeIgniter->runController(Object(App\Controllers\Publication))
 5 SYSTEMPATH\CodeIgniter.php(351): CodeIgniter\CodeIgniter->handleRequest(null, Object(Config\Cache), false)
 6 FCPATH\index.php(67): CodeIgniter\CodeIgniter->run()
CRITICAL - 2022-11-09 17:55:07 --> Unsupported operand types: string + string
in APPPATH\Controllers\Publication.php on line 39.
 1 SYSTEMPATH\CodeIgniter.php(927): App\Controllers\Publication->edit('1')
 2 SYSTEMPATH\CodeIgniter.php(482): CodeIgniter\CodeIgniter->runController(Object(App\Controllers\Publication))
 3 SYSTEMPATH\CodeIgniter.php(351): CodeIgniter\CodeIgniter->handleRequest(null, Object(Config\Cache), false)
 4 FCPATH\index.php(67): CodeIgniter\CodeIgniter->run()
CRITICAL - 2022-11-09 17:55:35 --> Call to undefined method App\Models\PublicationModel::firts
in SYSTEMPATH\Model.php on line 774.
 1 APPPATH\Models\PublicationModel.php(17): CodeIgniter\Model->__call('firts', [])
 2 APPPATH\Controllers\Publication.php(38): App\Models\PublicationModel->get('1')
 3 SYSTEMPATH\CodeIgniter.php(927): App\Controllers\Publication->edit('1')
 4 SYSTEMPATH\CodeIgniter.php(482): CodeIgniter\CodeIgniter->runController(Object(App\Controllers\Publication))
 5 SYSTEMPATH\CodeIgniter.php(351): CodeIgniter\CodeIgniter->handleRequest(null, Object(Config\Cache), false)
 6 FCPATH\index.php(67): CodeIgniter\CodeIgniter->run()
CRITICAL - 2022-11-09 17:55:37 --> Call to undefined method App\Models\PublicationModel::firts
in SYSTEMPATH\Model.php on line 774.
 1 APPPATH\Models\PublicationModel.php(17): CodeIgniter\Model->__call('firts', [])
 2 APPPATH\Controllers\Publication.php(38): App\Models\PublicationModel->get('1')
 3 SYSTEMPATH\CodeIgniter.php(927): App\Controllers\Publication->edit('1')
 4 SYSTEMPATH\CodeIgniter.php(482): CodeIgniter\CodeIgniter->runController(Object(App\Controllers\Publication))
 5 SYSTEMPATH\CodeIgniter.php(351): CodeIgniter\CodeIgniter->handleRequest(null, Object(Config\Cache), false)
 6 FCPATH\index.php(67): CodeIgniter\CodeIgniter->run()
CRITICAL - 2022-11-09 17:55:41 --> Call to undefined method App\Models\PublicationModel::firts
in SYSTEMPATH\Model.php on line 774.
 1 APPPATH\Models\PublicationModel.php(17): CodeIgniter\Model->__call('firts', [])
 2 APPPATH\Controllers\Publication.php(38): App\Models\PublicationModel->get('5')
 3 SYSTEMPATH\CodeIgniter.php(927): App\Controllers\Publication->edit('5')
 4 SYSTEMPATH\CodeIgniter.php(482): CodeIgniter\CodeIgniter->runController(Object(App\Controllers\Publication))
 5 SYSTEMPATH\CodeIgniter.php(351): CodeIgniter\CodeIgniter->handleRequest(null, Object(Config\Cache), false)
 6 FCPATH\index.php(67): CodeIgniter\CodeIgniter->run()
CRITICAL - 2022-11-09 17:56:08 --> Call to undefined method App\Models\PublicationModel::firts
in SYSTEMPATH\Model.php on line 774.
 1 APPPATH\Models\PublicationModel.php(17): CodeIgniter\Model->__call('firts', [])
 2 APPPATH\Controllers\Publication.php(38): App\Models\PublicationModel->get('5')
 3 SYSTEMPATH\CodeIgniter.php(927): App\Controllers\Publication->edit('5')
 4 SYSTEMPATH\CodeIgniter.php(482): CodeIgniter\CodeIgniter->runController(Object(App\Controllers\Publication))
 5 SYSTEMPATH\CodeIgniter.php(351): CodeIgniter\CodeIgniter->handleRequest(null, Object(Config\Cache), false)
 6 FCPATH\index.php(67): CodeIgniter\CodeIgniter->run()
CRITICAL - 2022-11-09 17:56:16 --> Call to undefined method App\Models\PublicationModel::firts
in SYSTEMPATH\Model.php on line 774.
 1 APPPATH\Models\PublicationModel.php(17): CodeIgniter\Model->__call('firts', [])
 2 APPPATH\Controllers\Publication.php(38): App\Models\PublicationModel->get('5')
 3 SYSTEMPATH\CodeIgniter.php(927): App\Controllers\Publication->edit('5')
 4 SYSTEMPATH\CodeIgniter.php(482): CodeIgniter\CodeIgniter->runController(Object(App\Controllers\Publication))
 5 SYSTEMPATH\CodeIgniter.php(351): CodeIgniter\CodeIgniter->handleRequest(null, Object(Config\Cache), false)
 6 FCPATH\index.php(67): CodeIgniter\CodeIgniter->run()
CRITICAL - 2022-11-09 17:58:28 --> view(): Argument #2 ($data) must be of type array, string given, called in C:\xampp\htdocs\plantilla\app\Controllers\Publication.php on line 39
in SYSTEMPATH\Common.php on line 1120.
 1 APPPATH\Controllers\Publication.php(39): view('Publication/edit', '5')
 2 SYSTEMPATH\CodeIgniter.php(927): App\Controllers\Publication->edit('5')
 3 SYSTEMPATH\CodeIgniter.php(482): CodeIgniter\CodeIgniter->runController(Object(App\Controllers\Publication))
 4 SYSTEMPATH\CodeIgniter.php(351): CodeIgniter\CodeIgniter->handleRequest(null, Object(Config\Cache), false)
 5 FCPATH\index.php(67): CodeIgniter\CodeIgniter->run()
CRITICAL - 2022-11-09 17:58:40 --> Undefined variable $posts
in APPPATH\Views\Publication\edit.php on line 5.
 1 APPPATH\Views\Publication\edit.php(5): CodeIgniter\Debug\Exceptions->errorHandler(2, 'Undefined variable $posts', 'APPPATH\\Views\\Publication\\edit.php', 5)
 2 SYSTEMPATH\View\View.php(213): include('APPPATH\\Views\\Publication\\edit.php')
 3 SYSTEMPATH\View\View.php(216): CodeIgniter\View\View->CodeIgniter\View\{closure}()
 4 SYSTEMPATH\Common.php(1134): CodeIgniter\View\View->render('Publication/edit', [], true)
 5 APPPATH\Controllers\Publication.php(39): view('Publication/edit')
 6 SYSTEMPATH\CodeIgniter.php(927): App\Controllers\Publication->edit('5')
 7 SYSTEMPATH\CodeIgniter.php(482): CodeIgniter\CodeIgniter->runController(Object(App\Controllers\Publication))
 8 SYSTEMPATH\CodeIgniter.php(351): CodeIgniter\CodeIgniter->handleRequest(null, Object(Config\Cache), false)
 9 FCPATH\index.php(67): CodeIgniter\CodeIgniter->run()
CRITICAL - 2022-11-09 17:58:41 --> Undefined variable $posts
in APPPATH\Views\Publication\edit.php on line 5.
 1 APPPATH\Views\Publication\edit.php(5): CodeIgniter\Debug\Exceptions->errorHandler(2, 'Undefined variable $posts', 'APPPATH\\Views\\Publication\\edit.php', 5)
 2 SYSTEMPATH\View\View.php(213): include('APPPATH\\Views\\Publication\\edit.php')
 3 SYSTEMPATH\View\View.php(216): CodeIgniter\View\View->CodeIgniter\View\{closure}()
 4 SYSTEMPATH\Common.php(1134): CodeIgniter\View\View->render('Publication/edit', [], true)
 5 APPPATH\Controllers\Publication.php(39): view('Publication/edit')
 6 SYSTEMPATH\CodeIgniter.php(927): App\Controllers\Publication->edit('5')
 7 SYSTEMPATH\CodeIgniter.php(482): CodeIgniter\CodeIgniter->runController(Object(App\Controllers\Publication))
 8 SYSTEMPATH\CodeIgniter.php(351): CodeIgniter\CodeIgniter->handleRequest(null, Object(Config\Cache), false)
 9 FCPATH\index.php(67): CodeIgniter\CodeIgniter->run()
CRITICAL - 2022-11-09 17:59:16 --> Undefined variable $posts
in APPPATH\Views\Publication\edit.php on line 7.
 1 APPPATH\Views\Publication\edit.php(7): CodeIgniter\Debug\Exceptions->errorHandler(2, 'Undefined variable $posts', 'APPPATH\\Views\\Publication\\edit.php', 7)
 2 SYSTEMPATH\View\View.php(213): include('APPPATH\\Views\\Publication\\edit.php')
 3 SYSTEMPATH\View\View.php(216): CodeIgniter\View\View->CodeIgniter\View\{closure}()
 4 SYSTEMPATH\Common.php(1134): CodeIgniter\View\View->render('Publication/edit', [], true)
 5 APPPATH\Controllers\Publication.php(39): view('Publication/edit')
 6 SYSTEMPATH\CodeIgniter.php(927): App\Controllers\Publication->edit('5')
 7 SYSTEMPATH\CodeIgniter.php(482): CodeIgniter\CodeIgniter->runController(Object(App\Controllers\Publication))
 8 SYSTEMPATH\CodeIgniter.php(351): CodeIgniter\CodeIgniter->handleRequest(null, Object(Config\Cache), false)
 9 FCPATH\index.php(67): CodeIgniter\CodeIgniter->run()
CRITICAL - 2022-11-09 17:59:20 --> Undefined variable $posts
in APPPATH\Views\Publication\edit.php on line 7.
 1 APPPATH\Views\Publication\edit.php(7): CodeIgniter\Debug\Exceptions->errorHandler(2, 'Undefined variable $posts', 'APPPATH\\Views\\Publication\\edit.php', 7)
 2 SYSTEMPATH\View\View.php(213): include('APPPATH\\Views\\Publication\\edit.php')
 3 SYSTEMPATH\View\View.php(216): CodeIgniter\View\View->CodeIgniter\View\{closure}()
 4 SYSTEMPATH\Common.php(1134): CodeIgniter\View\View->render('Publication/edit', [], true)
 5 APPPATH\Controllers\Publication.php(39): view('Publication/edit')
 6 SYSTEMPATH\CodeIgniter.php(927): App\Controllers\Publication->edit('1')
 7 SYSTEMPATH\CodeIgniter.php(482): CodeIgniter\CodeIgniter->runController(Object(App\Controllers\Publication))
 8 SYSTEMPATH\CodeIgniter.php(351): CodeIgniter\CodeIgniter->handleRequest(null, Object(Config\Cache), false)
 9 FCPATH\index.php(67): CodeIgniter\CodeIgniter->run()
CRITICAL - 2022-11-09 18:01:04 --> Call to undefined method App\Models\PublicationModel::firts
in SYSTEMPATH\Model.php on line 774.
 1 APPPATH\Models\PublicationModel.php(17): CodeIgniter\Model->__call('firts', [])
 2 APPPATH\Controllers\Publication.php(38): App\Models\PublicationModel->get('5')
 3 SYSTEMPATH\CodeIgniter.php(927): App\Controllers\Publication->edit('5')
 4 SYSTEMPATH\CodeIgniter.php(482): CodeIgniter\CodeIgniter->runController(Object(App\Controllers\Publication))
 5 SYSTEMPATH\CodeIgniter.php(351): CodeIgniter\CodeIgniter->handleRequest(null, Object(Config\Cache), false)
 6 FCPATH\index.php(67): CodeIgniter\CodeIgniter->run()
CRITICAL - 2022-11-09 18:07:09 --> Call to undefined method App\Models\PublicationModel::firts
in SYSTEMPATH\Model.php on line 774.
 1 APPPATH\Models\PublicationModel.php(17): CodeIgniter\Model->__call('firts', [])
 2 APPPATH\Controllers\Publication.php(38): App\Models\PublicationModel->get('2')
 3 SYSTEMPATH\CodeIgniter.php(927): App\Controllers\Publication->edit('2')
 4 SYSTEMPATH\CodeIgniter.php(482): CodeIgniter\CodeIgniter->runController(Object(App\Controllers\Publication))
 5 SYSTEMPATH\CodeIgniter.php(351): CodeIgniter\CodeIgniter->handleRequest(null, Object(Config\Cache), false)
 6 FCPATH\index.php(67): CodeIgniter\CodeIgniter->run()
CRITICAL - 2022-11-09 18:10:24 --> Call to undefined method App\Models\PublicationModel::firts
in SYSTEMPATH\Model.php on line 774.
 1 APPPATH\Models\PublicationModel.php(17): CodeIgniter\Model->__call('firts', [])
 2 APPPATH\Controllers\Publication.php(38): App\Models\PublicationModel->get('4')
 3 SYSTEMPATH\CodeIgniter.php(927): App\Controllers\Publication->edit('4')
 4 SYSTEMPATH\CodeIgniter.php(482): CodeIgniter\CodeIgniter->runController(Object(App\Controllers\Publication))
 5 SYSTEMPATH\CodeIgniter.php(351): CodeIgniter\CodeIgniter->handleRequest(null, Object(Config\Cache), false)
 6 FCPATH\index.php(67): CodeIgniter\CodeIgniter->run()
CRITICAL - 2022-11-09 18:10:40 --> Too few arguments to function App\Models\PublicationModel::get(), 0 passed in C:\xampp\htdocs\plantilla\app\Controllers\Publication.php on line 12 and exactly 1 expected
in APPPATH\Models\PublicationModel.php on line 11.
 1 APPPATH\Controllers\Publication.php(12): App\Models\PublicationModel->get()
 2 SYSTEMPATH\CodeIgniter.php(927): App\Controllers\Publication->index()
 3 SYSTEMPATH\CodeIgniter.php(482): CodeIgniter\CodeIgniter->runController(Object(App\Controllers\Publication))
 4 SYSTEMPATH\CodeIgniter.php(351): CodeIgniter\CodeIgniter->handleRequest(null, Object(Config\Cache), false)
 5 FCPATH\index.php(67): CodeIgniter\CodeIgniter->run()
CRITICAL - 2022-11-09 18:11:37 --> Call to undefined method App\Models\PublicationModel::firts
in SYSTEMPATH\Model.php on line 774.
 1 APPPATH\Models\PublicationModel.php(19): CodeIgniter\Model->__call('firts', [])
 2 APPPATH\Controllers\Publication.php(38): App\Models\PublicationModel->get('6')
 3 SYSTEMPATH\CodeIgniter.php(927): App\Controllers\Publication->edit('6')
 4 SYSTEMPATH\CodeIgniter.php(482): CodeIgniter\CodeIgniter->runController(Object(App\Controllers\Publication))
 5 SYSTEMPATH\CodeIgniter.php(351): CodeIgniter\CodeIgniter->handleRequest(null, Object(Config\Cache), false)
 6 FCPATH\index.php(67): CodeIgniter\CodeIgniter->run()
CRITICAL - 2022-11-09 18:12:18 --> Call to undefined method App\Models\PublicationModel::firts
in SYSTEMPATH\Model.php on line 774.
 1 APPPATH\Models\PublicationModel.php(19): CodeIgniter\Model->__call('firts', [])
 2 APPPATH\Controllers\Publication.php(38): App\Models\PublicationModel->get('6')
 3 SYSTEMPATH\CodeIgniter.php(927): App\Controllers\Publication->edit('6')
 4 SYSTEMPATH\CodeIgniter.php(482): CodeIgniter\CodeIgniter->runController(Object(App\Controllers\Publication))
 5 SYSTEMPATH\CodeIgniter.php(351): CodeIgniter\CodeIgniter->handleRequest(null, Object(Config\Cache), false)
 6 FCPATH\index.php(67): CodeIgniter\CodeIgniter->run()
CRITICAL - 2022-11-09 18:12:22 --> Too few arguments to function App\Models\PublicationModel::get(), 0 passed in C:\xampp\htdocs\plantilla\app\Controllers\Publication.php on line 12 and exactly 1 expected
in APPPATH\Models\PublicationModel.php on line 11.
 1 APPPATH\Controllers\Publication.php(12): App\Models\PublicationModel->get()
 2 SYSTEMPATH\CodeIgniter.php(927): App\Controllers\Publication->index()
 3 SYSTEMPATH\CodeIgniter.php(482): CodeIgniter\CodeIgniter->runController(Object(App\Controllers\Publication))
 4 SYSTEMPATH\CodeIgniter.php(351): CodeIgniter\CodeIgniter->handleRequest(null, Object(Config\Cache), false)
 5 FCPATH\index.php(67): CodeIgniter\CodeIgniter->run()
CRITICAL - 2022-11-09 18:14:50 --> Call to undefined method App\Models\PublicationModel::firts
in SYSTEMPATH\Model.php on line 774.
 1 APPPATH\Models\PublicationModel.php(21): CodeIgniter\Model->__call('firts', [])
 2 APPPATH\Controllers\Publication.php(38): App\Models\PublicationModel->get('6')
 3 SYSTEMPATH\CodeIgniter.php(927): App\Controllers\Publication->edit('6')
 4 SYSTEMPATH\CodeIgniter.php(482): CodeIgniter\CodeIgniter->runController(Object(App\Controllers\Publication))
 5 SYSTEMPATH\CodeIgniter.php(351): CodeIgniter\CodeIgniter->handleRequest(null, Object(Config\Cache), false)
 6 FCPATH\index.php(67): CodeIgniter\CodeIgniter->run()
CRITICAL - 2022-11-09 18:18:06 --> Call to undefined method App\Models\PublicationModel::firts
in SYSTEMPATH\Model.php on line 774.
 1 APPPATH\Models\PublicationModel.php(19): CodeIgniter\Model->__call('firts', [])
 2 APPPATH\Controllers\Publication.php(38): App\Models\PublicationModel->get('3')
 3 SYSTEMPATH\CodeIgniter.php(927): App\Controllers\Publication->edit('3')
 4 SYSTEMPATH\CodeIgniter.php(482): CodeIgniter\CodeIgniter->runController(Object(App\Controllers\Publication))
 5 SYSTEMPATH\CodeIgniter.php(351): CodeIgniter\CodeIgniter->handleRequest(null, Object(Config\Cache), false)
 6 FCPATH\index.php(67): CodeIgniter\CodeIgniter->run()
CRITICAL - 2022-11-09 21:27:33 --> Call to undefined method App\Models\PublicationModel::firts
in SYSTEMPATH\Model.php on line 774.
 1 APPPATH\Models\PublicationModel.php(19): CodeIgniter\Model->__call('firts', [])
 2 APPPATH\Controllers\Publication.php(38): App\Models\PublicationModel->get('3')
 3 SYSTEMPATH\CodeIgniter.php(927): App\Controllers\Publication->edit('3')
 4 SYSTEMPATH\CodeIgniter.php(482): CodeIgniter\CodeIgniter->runController(Object(App\Controllers\Publication))
 5 SYSTEMPATH\CodeIgniter.php(351): CodeIgniter\CodeIgniter->handleRequest(null, Object(Config\Cache), false)
 6 FCPATH\index.php(67): CodeIgniter\CodeIgniter->run()
CRITICAL - 2022-11-09 21:28:11 --> Call to undefined method App\Models\PublicationModel::firts
in SYSTEMPATH\Model.php on line 774.
 1 APPPATH\Models\PublicationModel.php(18): CodeIgniter\Model->__call('firts', [])
 2 APPPATH\Controllers\Publication.php(38): App\Models\PublicationModel->get('3')
 3 SYSTEMPATH\CodeIgniter.php(927): App\Controllers\Publication->edit('3')
 4 SYSTEMPATH\CodeIgniter.php(482): CodeIgniter\CodeIgniter->runController(Object(App\Controllers\Publication))
 5 SYSTEMPATH\CodeIgniter.php(351): CodeIgniter\CodeIgniter->handleRequest(null, Object(Config\Cache), false)
 6 FCPATH\index.php(67): CodeIgniter\CodeIgniter->run()
CRITICAL - 2022-11-09 21:28:13 --> Call to undefined method App\Models\PublicationModel::firts
in SYSTEMPATH\Model.php on line 774.
 1 APPPATH\Models\PublicationModel.php(16): CodeIgniter\Model->__call('firts', [])
 2 APPPATH\Controllers\Publication.php(12): App\Models\PublicationModel->get()
 3 SYSTEMPATH\CodeIgniter.php(927): App\Controllers\Publication->index()
 4 SYSTEMPATH\CodeIgniter.php(482): CodeIgniter\CodeIgniter->runController(Object(App\Controllers\Publication))
 5 SYSTEMPATH\CodeIgniter.php(351): CodeIgniter\CodeIgniter->handleRequest(null, Object(Config\Cache), false)
 6 FCPATH\index.php(67): CodeIgniter\CodeIgniter->run()
CRITICAL - 2022-11-09 21:28:29 --> Call to undefined method App\Models\PublicationModel::firts
in SYSTEMPATH\Model.php on line 774.
 1 APPPATH\Models\PublicationModel.php(16): CodeIgniter\Model->__call('firts', [])
 2 APPPATH\Controllers\Publication.php(12): App\Models\PublicationModel->get()
 3 SYSTEMPATH\CodeIgniter.php(927): App\Controllers\Publication->index()
 4 SYSTEMPATH\CodeIgniter.php(482): CodeIgniter\CodeIgniter->runController(Object(App\Controllers\Publication))
 5 SYSTEMPATH\CodeIgniter.php(351): CodeIgniter\CodeIgniter->handleRequest(null, Object(Config\Cache), false)
 6 FCPATH\index.php(67): CodeIgniter\CodeIgniter->run()
CRITICAL - 2022-11-09 21:28:31 --> Call to undefined method App\Models\PublicationModel::firts
in SYSTEMPATH\Model.php on line 774.
 1 APPPATH\Models\PublicationModel.php(16): CodeIgniter\Model->__call('firts', [])
 2 APPPATH\Controllers\Publication.php(12): App\Models\PublicationModel->get()
 3 SYSTEMPATH\CodeIgniter.php(927): App\Controllers\Publication->index()
 4 SYSTEMPATH\CodeIgniter.php(482): CodeIgniter\CodeIgniter->runController(Object(App\Controllers\Publication))
 5 SYSTEMPATH\CodeIgniter.php(351): CodeIgniter\CodeIgniter->handleRequest(null, Object(Config\Cache), false)
 6 FCPATH\index.php(67): CodeIgniter\CodeIgniter->run()
CRITICAL - 2022-11-09 21:28:33 --> Call to undefined method App\Models\PublicationModel::firts
in SYSTEMPATH\Model.php on line 774.
 1 APPPATH\Models\PublicationModel.php(16): CodeIgniter\Model->__call('firts', [])
 2 APPPATH\Controllers\Publication.php(12): App\Models\PublicationModel->get()
 3 SYSTEMPATH\CodeIgniter.php(927): App\Controllers\Publication->index()
 4 SYSTEMPATH\CodeIgniter.php(482): CodeIgniter\CodeIgniter->runController(Object(App\Controllers\Publication))
 5 SYSTEMPATH\CodeIgniter.php(351): CodeIgniter\CodeIgniter->handleRequest(null, Object(Config\Cache), false)
 6 FCPATH\index.php(67): CodeIgniter\CodeIgniter->run()
CRITICAL - 2022-11-09 21:31:26 --> Call to undefined method App\Models\PublicationModel::firts
in SYSTEMPATH\Model.php on line 774.
 1 APPPATH\Models\PublicationModel.php(22): CodeIgniter\Model->__call('firts', [])
 2 APPPATH\Controllers\Publication.php(38): App\Models\PublicationModel->getedit('4')
 3 SYSTEMPATH\CodeIgniter.php(927): App\Controllers\Publication->edit('4')
 4 SYSTEMPATH\CodeIgniter.php(482): CodeIgniter\CodeIgniter->runController(Object(App\Controllers\Publication))
 5 SYSTEMPATH\CodeIgniter.php(351): CodeIgniter\CodeIgniter->handleRequest(null, Object(Config\Cache), false)
 6 FCPATH\index.php(67): CodeIgniter\CodeIgniter->run()
CRITICAL - 2022-11-09 21:31:39 --> Call to undefined method App\Models\PublicationModel::firts
in SYSTEMPATH\Model.php on line 774.
 1 APPPATH\Models\PublicationModel.php(22): CodeIgniter\Model->__call('firts', [])
 2 APPPATH\Controllers\Publication.php(38): App\Models\PublicationModel->getedit('4')
 3 SYSTEMPATH\CodeIgniter.php(927): App\Controllers\Publication->edit('4')
 4 SYSTEMPATH\CodeIgniter.php(482): CodeIgniter\CodeIgniter->runController(Object(App\Controllers\Publication))
 5 SYSTEMPATH\CodeIgniter.php(351): CodeIgniter\CodeIgniter->handleRequest(null, Object(Config\Cache), false)
 6 FCPATH\index.php(67): CodeIgniter\CodeIgniter->run()
CRITICAL - 2022-11-09 21:31:43 --> Call to undefined method App\Models\PublicationModel::firts
in SYSTEMPATH\Model.php on line 774.
 1 APPPATH\Models\PublicationModel.php(22): CodeIgniter\Model->__call('firts', [])
 2 APPPATH\Controllers\Publication.php(38): App\Models\PublicationModel->getedit('1')
 3 SYSTEMPATH\CodeIgniter.php(927): App\Controllers\Publication->edit('1')
 4 SYSTEMPATH\CodeIgniter.php(482): CodeIgniter\CodeIgniter->runController(Object(App\Controllers\Publication))
 5 SYSTEMPATH\CodeIgniter.php(351): CodeIgniter\CodeIgniter->handleRequest(null, Object(Config\Cache), false)
 6 FCPATH\index.php(67): CodeIgniter\CodeIgniter->run()
CRITICAL - 2022-11-09 21:32:34 --> Call to undefined method App\Models\PublicationModel::firts
in SYSTEMPATH\Model.php on line 774.
 1 APPPATH\Models\PublicationModel.php(17): CodeIgniter\Model->__call('firts', [])
 2 APPPATH\Controllers\Publication.php(38): App\Models\PublicationModel->get('1')
 3 SYSTEMPATH\CodeIgniter.php(927): App\Controllers\Publication->edit('1')
 4 SYSTEMPATH\CodeIgniter.php(482): CodeIgniter\CodeIgniter->runController(Object(App\Controllers\Publication))
 5 SYSTEMPATH\CodeIgniter.php(351): CodeIgniter\CodeIgniter->handleRequest(null, Object(Config\Cache), false)
 6 FCPATH\index.php(67): CodeIgniter\CodeIgniter->run()
CRITICAL - 2022-11-09 21:32:37 --> Call to undefined method App\Models\PublicationModel::firts
in SYSTEMPATH\Model.php on line 774.
 1 APPPATH\Models\PublicationModel.php(17): CodeIgniter\Model->__call('firts', [])
 2 APPPATH\Controllers\Publication.php(38): App\Models\PublicationModel->get('3')
 3 SYSTEMPATH\CodeIgniter.php(927): App\Controllers\Publication->edit('3')
 4 SYSTEMPATH\CodeIgniter.php(482): CodeIgniter\CodeIgniter->runController(Object(App\Controllers\Publication))
 5 SYSTEMPATH\CodeIgniter.php(351): CodeIgniter\CodeIgniter->handleRequest(null, Object(Config\Cache), false)
 6 FCPATH\index.php(67): CodeIgniter\CodeIgniter->run()
CRITICAL - 2022-11-09 21:34:59 --> Call to undefined method App\Models\PublicationModel::firts
in SYSTEMPATH\Model.php on line 774.
 1 APPPATH\Models\PublicationModel.php(17): CodeIgniter\Model->__call('firts', [])
 2 APPPATH\Controllers\Publication.php(38): App\Models\PublicationModel->get(3)
 3 SYSTEMPATH\CodeIgniter.php(927): App\Controllers\Publication->edit('6')
 4 SYSTEMPATH\CodeIgniter.php(482): CodeIgniter\CodeIgniter->runController(Object(App\Controllers\Publication))
 5 SYSTEMPATH\CodeIgniter.php(351): CodeIgniter\CodeIgniter->handleRequest(null, Object(Config\Cache), false)
 6 FCPATH\index.php(67): CodeIgniter\CodeIgniter->run()
CRITICAL - 2022-11-09 21:39:39 --> Call to undefined method App\Models\PublicationModel::firts
in SYSTEMPATH\Model.php on line 774.
 1 APPPATH\Models\PublicationModel.php(17): CodeIgniter\Model->__call('firts', [])
 2 APPPATH\Controllers\Publication.php(38): App\Models\PublicationModel->get('3')
 3 SYSTEMPATH\CodeIgniter.php(927): App\Controllers\Publication->edit('3')
 4 SYSTEMPATH\CodeIgniter.php(482): CodeIgniter\CodeIgniter->runController(Object(App\Controllers\Publication))
 5 SYSTEMPATH\CodeIgniter.php(351): CodeIgniter\CodeIgniter->handleRequest(null, Object(Config\Cache), false)
 6 FCPATH\index.php(67): CodeIgniter\CodeIgniter->run()
CRITICAL - 2022-11-09 21:41:20 --> Cannot access offset of type string on string
in APPPATH\Views\Publication\edit.php on line 6.
 1 SYSTEMPATH\View\View.php(213): include()
 2 SYSTEMPATH\View\View.php(216): CodeIgniter\View\View->CodeIgniter\View\{closure}()
 3 SYSTEMPATH\Common.php(1134): CodeIgniter\View\View->render('Publication/edit', [], true)
 4 APPPATH\Controllers\Publication.php(40): view('Publication/edit', [...])
 5 SYSTEMPATH\CodeIgniter.php(927): App\Controllers\Publication->edit('7')
 6 SYSTEMPATH\CodeIgniter.php(482): CodeIgniter\CodeIgniter->runController(Object(App\Controllers\Publication))
 7 SYSTEMPATH\CodeIgniter.php(351): CodeIgniter\CodeIgniter->handleRequest(null, Object(Config\Cache), false)
 8 FCPATH\index.php(67): CodeIgniter\CodeIgniter->run()
CRITICAL - 2022-11-09 21:42:50 --> Cannot access offset of type string on string
in APPPATH\Views\Publication\edit.php on line 6.
 1 SYSTEMPATH\View\View.php(213): include()
 2 SYSTEMPATH\View\View.php(216): CodeIgniter\View\View->CodeIgniter\View\{closure}()
 3 SYSTEMPATH\Common.php(1134): CodeIgniter\View\View->render('Publication/edit', [], true)
 4 APPPATH\Controllers\Publication.php(40): view('Publication/edit', [...])
 5 SYSTEMPATH\CodeIgniter.php(927): App\Controllers\Publication->edit('6')
 6 SYSTEMPATH\CodeIgniter.php(482): CodeIgniter\CodeIgniter->runController(Object(App\Controllers\Publication))
 7 SYSTEMPATH\CodeIgniter.php(351): CodeIgniter\CodeIgniter->handleRequest(null, Object(Config\Cache), false)
 8 FCPATH\index.php(67): CodeIgniter\CodeIgniter->run()
CRITICAL - 2022-11-09 21:44:07 --> Cannot access offset of type string on string
in APPPATH\Views\Publication\all.php on line 13.
 1 SYSTEMPATH\View\View.php(213): include()
 2 SYSTEMPATH\View\View.php(216): CodeIgniter\View\View->CodeIgniter\View\{closure}()
 3 SYSTEMPATH\Common.php(1134): CodeIgniter\View\View->render('Publication/all', [], true)
 4 APPPATH\Controllers\Publication.php(40): view('Publication/all', [...])
 5 SYSTEMPATH\CodeIgniter.php(927): App\Controllers\Publication->edit('7')
 6 SYSTEMPATH\CodeIgniter.php(482): CodeIgniter\CodeIgniter->runController(Object(App\Controllers\Publication))
 7 SYSTEMPATH\CodeIgniter.php(351): CodeIgniter\CodeIgniter->handleRequest(null, Object(Config\Cache), false)
 8 FCPATH\index.php(67): CodeIgniter\CodeIgniter->run()
CRITICAL - 2022-11-09 21:44:49 --> Cannot access offset of type string on string
in APPPATH\Views\Publication\edit.php on line 6.
 1 SYSTEMPATH\View\View.php(213): include()
 2 SYSTEMPATH\View\View.php(216): CodeIgniter\View\View->CodeIgniter\View\{closure}()
 3 SYSTEMPATH\Common.php(1134): CodeIgniter\View\View->render('Publication/edit', [], true)
 4 APPPATH\Controllers\Publication.php(40): view('Publication/edit', [...])
 5 SYSTEMPATH\CodeIgniter.php(927): App\Controllers\Publication->edit('7')
 6 SYSTEMPATH\CodeIgniter.php(482): CodeIgniter\CodeIgniter->runController(Object(App\Controllers\Publication))
 7 SYSTEMPATH\CodeIgniter.php(351): CodeIgniter\CodeIgniter->handleRequest(null, Object(Config\Cache), false)
 8 FCPATH\index.php(67): CodeIgniter\CodeIgniter->run()
